<?xml version="1.0" encoding="UTF-8"?>
<!-- Generated by org.testng.reporters.JUnitXMLReporter -->
<testsuite ignored="0" hostname="TYSS-Chaithra" failures="0" tests="1" name="Test-Runner-1" time="14.648" errors="0" timestamp="2025-03-05T14:54:47 IST">
  <testcase classname="inventoryTests.AddProductToCartTest" name="tc_001_addproductToCart" time="2.922"/>
</testsuite> <!-- Test-Runner-1 -->
