<?xml version="1.0" encoding="UTF-8"?>
<!-- Generated by org.testng.reporters.JUnitXMLReporter -->
<testsuite ignored="0" hostname="TYSS-Chaithra" failures="0" tests="1" name="Test-Runner-2" time="14.749" errors="0" timestamp="2025-03-05T14:54:47 IST">
  <testcase classname="inventoryTests.AddLowestPriceproductToCartTest" name="tc_002_addLowestPriceProductTocart" time="2.571"/>
</testsuite> <!-- Test-Runner-2 -->
