<?xml version="1.0" encoding="UTF-8"?>
<!-- Generated by org.testng.reporters.JUnitReportReporter -->
<testsuite hostname="TYSS-Chaithra" failures="0" tests="1" name="practice.TestNGPractice" time="0.011" errors="0" timestamp="2025-02-28T14:27:20 IST" skipped="0">
  <testcase classname="practice.TestNGPractice" name="sample" time="0.011"/>
  <system-out/>
</testsuite> <!-- practice.TestNGPractice -->
