<?xml version="1.0" encoding="UTF-8"?>
<!-- Generated by org.testng.reporters.JUnitReportReporter -->
<testsuite hostname="TYSS-Chaithra" failures="0" tests="1" name="inventoryTests.AddLowestPriceproductToCartTest" time="1.529" errors="0" timestamp="2025-03-08T15:42:01 IST" skipped="0">
  <testcase classname="inventoryTests.AddLowestPriceproductToCartTest" name="tc_002_addLowestPriceProductTocart" time="1.529"/>
  <system-out/>
</testsuite> <!-- inventoryTests.AddLowestPriceproductToCartTest -->
